mode: set
dating-app/controllers/auth_controller.go:10.29,17.49 2 1
dating-app/controllers/auth_controller.go:17.49,20.3 2 1
dating-app/controllers/auth_controller.go:22.2,23.16 2 1
dating-app/controllers/auth_controller.go:23.16,26.3 2 1
dating-app/controllers/auth_controller.go:28.2,28.44 1 1
dating-app/controllers/auth_controller.go:31.28,37.49 2 1
dating-app/controllers/auth_controller.go:37.49,40.3 2 1
dating-app/controllers/auth_controller.go:42.2,43.16 2 1
dating-app/controllers/auth_controller.go:43.16,46.3 2 1
dating-app/controllers/auth_controller.go:48.2,48.46 1 1
dating-app/controllers/ping_controller.go:9.27,13.2 1 1
